21:22:21.391 [main] INFO  testCases.TC_03LanguageLearning - successfully searched language learning .
21:22:21.685 [main] INFO  testCases.TC_03LanguageLearning - starts to filter courses by selecting different level and language .
21:23:36.678 [main] INFO  testCases.TC_03LanguageLearning - first language and different levels  are selected .
21:24:48.320 [main] INFO  testCases.TC_03LanguageLearning - second language and different levels are selected .
21:26:01.351 [main] INFO  testCases.TC_03LanguageLearning - third language and different levels are  selected .
21:27:15.019 [main] INFO  testCases.TC_03LanguageLearning - fourth language and different levels are  selected .
21:28:28.091 [main] INFO  testCases.TC_03LanguageLearning - fifth language and different levels are selected .
21:28:58.229 [main] INFO  testCases.TC_04FormFilling - start to navigate to home page.
21:28:58.538 [main] INFO  testCases.TC_04FormFilling - successfully navigate to home page.
21:29:07.749 [main] INFO  testCases.TC_04FormFilling - after navigating to home page  for enterprise is clicked .
21:29:08.281 [main] INFO  testCases.TC_04FormFilling - start to navigate to form.
21:29:13.930 [main] INFO  testCases.TC_04FormFilling - successfully navigate to form .
21:29:14.563 [main] INFO  testCases.TC_04FormFilling - starts to fill the form.
21:29:19.133 [main] INFO  testCases.TC_04FormFilling - starts to display and capture error message .
21:55:47.045 [main] INFO  testCases.TC_01CourseraPage -  starts to open coursera page.
21:56:07.318 [main] INFO  testCases.TC_01CourseraPage -  survey alert is ignored.
21:56:07.696 [main] INFO  testCases.TC_01CourseraPage - start to open coursera page.
21:56:08.096 [main] INFO  testCases.TC_01CourseraPage - Coursera Page is successfully displayed.
21:56:37.511 [main] INFO  testCases.TC_02Webdevelopment - start to search webdevelopment courses in search box .
21:56:42.681 [main] INFO  testCases.TC_02Webdevelopment - searching of webdevelopment courses is done successfully.
21:56:43.434 [main] INFO  testCases.TC_02Webdevelopment - starts to select level.
21:56:46.038 [main] INFO  testCases.TC_02Webdevelopment - level is selected after searching webdevelopment.
21:56:46.379 [main] INFO  testCases.TC_02Webdevelopment - starts to select language.
21:56:47.114 [main] INFO  testCases.TC_02Webdevelopment - language is successfully selected.
21:56:47.493 [main] INFO  testCases.TC_02Webdevelopment - starts to scroll up the page.
21:56:47.519 [main] INFO  testCases.TC_02Webdevelopment - page is scrolled up successfully.
21:56:48.502 [main] INFO  testCases.TC_02Webdevelopment - starts to display the first course course details.
21:56:51.441 [main] INFO  testCases.TC_02Webdevelopment - first course details is displayed successfully.
21:56:51.984 [main] INFO  testCases.TC_02Webdevelopment - starts to display the second course course details.
21:56:53.878 [main] INFO  testCases.TC_02Webdevelopment - second course details is displayed successfully.
21:57:30.997 [main] INFO  testCases.TC_03LanguageLearning - starts to search language learning .
21:57:40.460 [main] INFO  testCases.TC_03LanguageLearning - successfully searched language learning .
21:57:40.925 [main] INFO  testCases.TC_03LanguageLearning - starts to filter courses by selecting different level and language .
21:58:59.355 [main] INFO  testCases.TC_03LanguageLearning - first language and different levels  are selected .
22:00:13.008 [main] INFO  testCases.TC_03LanguageLearning - second language and different levels are selected .
22:01:28.618 [main] INFO  testCases.TC_03LanguageLearning - third language and different levels are  selected .
22:02:43.518 [main] INFO  testCases.TC_03LanguageLearning - fourth language and different levels are  selected .
22:04:00.577 [main] INFO  testCases.TC_03LanguageLearning - fifth language and different levels are selected .
22:04:36.372 [main] INFO  testCases.TC_04FormFilling - start to navigate to home page.
22:04:37.146 [main] INFO  testCases.TC_04FormFilling - successfully navigate to home page.
22:04:39.175 [main] INFO  testCases.TC_04FormFilling - start to navigate to form.
22:04:49.488 [main] INFO  testCases.TC_04FormFilling - starts to fill the form.
22:04:59.754 [main] INFO  testCases.TC_04FormFilling - starts to display and capture error message .
22:09:21.764 [main] INFO  testCases.TC_04FormFilling - start to navigate to home page.
22:09:23.133 [main] INFO  testCases.TC_04FormFilling - successfully navigate to home page.
22:09:25.697 [main] INFO  testCases.TC_04FormFilling - start to navigate to form.
22:09:36.066 [main] INFO  testCases.TC_04FormFilling - starts to fill the form.
22:09:46.392 [main] INFO  testCases.TC_04FormFilling - starts to display and capture error message .
22:13:00.527 [main] INFO  testCases.TC_04FormFilling - start to navigate to home page.
22:13:01.780 [main] INFO  testCases.TC_04FormFilling - successfully navigate to home page.
22:13:13.001 [main] INFO  testCases.TC_04FormFilling - after navigating to home page  for enterprise is clicked .
